[2020-04-14 19:38:56] 
 Текст ошибки: 
 Простанства имен <b>"application\controllers\SegesController"</b> не существует среди контроллеров 
 Файл: D:\OpenServer\OSPanel\domains\forumedia\application\Exception\ErrorHandler.php 
 Строка: 15 
 ================== 
[2020-04-14 19:39:03] 
 Текст ошибки: 
 Простанства имен <b>"application\controllers\SegesController"</b> не существует среди контроллеров 
 Файл: D:\OpenServer\OSPanel\domains\forumedia\application\Exception\ErrorHandler.php 
 Строка: 15 
 ================== 
[2020-04-14 19:39:03] 
 Текст ошибки: 
 Простанства имен <b>"application\controllers\SegesController"</b> не существует среди контроллеров 
 Файл: D:\OpenServer\OSPanel\domains\forumedia\application\Exception\ErrorHandler.php 
 Строка: 15 
 ================== 
[2020-04-14 19:46:54] 
 Текст ошибки: 
 Простанства имен <b>"application\controllers\SegesController"</b> не существует среди контроллеров 
 Файл: D:\OpenServer\OSPanel\domains\forumedia\application\Exception\ErrorHandler.php 
 Строка: 15 
 ================== 
[2020-04-14 19:47:18] 
 Текст ошибки: 
 Простанства имен <b>"application\controllers\SegesController"</b> не существует среди контроллеров 
 Файл: D:\OpenServer\OSPanel\domains\forumedia\application\Exception\ErrorHandler.php 
 Строка: 15 
 ================== 
[2020-04-14 19:47:53] 
 Текст ошибки: 
 Простанства имен <b>"application\controllers\SegesController"</b> не существует среди контроллеров 
 Файл: D:\OpenServer\OSPanel\domains\forumedia\application\Exception\ErrorHandler.php 
 Строка: 15 
 ================== 
[2020-04-14 19:48:59] 
 Текст ошибки: 
 Простанства имен <b>"application\controllers\SegesController"</b> не существует среди контроллеров 
 Файл: D:\OpenServer\OSPanel\domains\forumedia\application\Exception\ErrorHandler.php 
 Строка: 15 
 ================== 
[2020-04-14 19:49:58] 
 Текст ошибки: 
 Простанства имен <b>"application\controllers\SegesController"</b> не существует среди контроллеров 
 Файл: D:\OpenServer\OSPanel\domains\forumedia\application\Exception\ErrorHandler.php 
 Строка: 15 
 ================== 
[2020-04-14 19:50:11] 
 Текст ошибки: 
 Простанства имен <b>"application\controllers\SegesController"</b> не существует среди контроллеров 
 Файл: D:\OpenServer\OSPanel\domains\forumedia\application\Exception\ErrorHandler.php 
 Строка: 15 
 ================== 
[2020-04-14 19:50:11] 
 Текст ошибки: 
 Простанства имен <b>"application\controllers\Favicon.icoController"</b> не существует среди контроллеров 
 Файл: D:\OpenServer\OSPanel\domains\forumedia\application\Exception\ErrorHandler.php 
 Строка: 15 
 ================== 
[2020-04-14 19:51:18] 
 Текст ошибки: 
 Простанства имен <b>"application\controllers\SegesController"</b> не существует среди контроллеров 
 Файл: D:\OpenServer\OSPanel\domains\forumedia\application\Exception\ErrorHandler.php 
 Строка: 15 
 ================== 
[2020-04-14 19:51:18] 
 Текст ошибки: 
 Простанства имен <b>"application\controllers\APP_URLController"</b> не существует среди контроллеров 
 Файл: D:\OpenServer\OSPanel\domains\forumedia\application\Exception\ErrorHandler.php 
 Строка: 15 
 ================== 
[2020-04-14 19:52:06] 
 Текст ошибки: 
 Простанства имен <b>"application\controllers\SegesController"</b> не существует среди контроллеров 
 Файл: D:\OpenServer\OSPanel\domains\forumedia\application\Exception\ErrorHandler.php 
 Строка: 15 
 ================== 
[2020-04-14 19:52:12] 
 Текст ошибки: 
 Простанства имен <b>"application\controllers\SegesController"</b> не существует среди контроллеров 
 Файл: D:\OpenServer\OSPanel\domains\forumedia\application\Exception\ErrorHandler.php 
 Строка: 15 
 ================== 
[2020-04-14 19:52:14] 
 Текст ошибки: 
 Простанства имен <b>"application\controllers\SegesController"</b> не существует среди контроллеров 
 Файл: D:\OpenServer\OSPanel\domains\forumedia\application\Exception\ErrorHandler.php 
 Строка: 15 
 ================== 
[2020-04-14 19:53:05] 
 Текст ошибки: 
 Простанства имен <b>"application\controllers\SegesController"</b> не существует среди контроллеров 
 Файл: D:\OpenServer\OSPanel\domains\forumedia\application\Exception\ErrorHandler.php 
 Строка: 15 
 ================== 
[2020-04-14 19:53:46] 
 Текст ошибки: 
 Простанства имен <b>"application\controllers\SegesController"</b> не существует среди контроллеров 
 Файл: D:\OpenServer\OSPanel\domains\forumedia\application\Exception\ErrorHandler.php 
 Строка: 15 
 ================== 
[2020-04-14 19:53:47] 
 Текст ошибки: 
 Простанства имен <b>"application\controllers\DataController"</b> не существует среди контроллеров 
 Файл: D:\OpenServer\OSPanel\domains\forumedia\application\Exception\ErrorHandler.php 
 Строка: 15 
 ================== 
[2020-04-14 19:53:58] 
 Текст ошибки: 
 Простанства имен <b>"application\controllers\SegesController"</b> не существует среди контроллеров 
 Файл: D:\OpenServer\OSPanel\domains\forumedia\application\Exception\ErrorHandler.php 
 Строка: 15 
 ================== 
[2020-04-14 19:53:58] 
 Текст ошибки: 
 Простанства имен <b>"application\controllers\DataController"</b> не существует среди контроллеров 
 Файл: D:\OpenServer\OSPanel\domains\forumedia\application\Exception\ErrorHandler.php 
 Строка: 15 
 ================== 
[2020-04-14 19:55:50] 
 Текст ошибки: 
 Простанства имен <b>"application\controllers\SegesController"</b> не существует среди контроллеров 
 Файл: D:\OpenServer\OSPanel\domains\forumedia\application\Exception\ErrorHandler.php 
 Строка: 15 
 ================== 
[2020-04-14 19:55:50] 
 Текст ошибки: 
 Простанства имен <b>"application\controllers\DataController"</b> не существует среди контроллеров 
 Файл: D:\OpenServer\OSPanel\domains\forumedia\application\Exception\ErrorHandler.php 
 Строка: 15 
 ================== 
[2020-04-14 19:55:51] 
 Текст ошибки: 
 Простанства имен <b>"application\controllers\SegesController"</b> не существует среди контроллеров 
 Файл: D:\OpenServer\OSPanel\domains\forumedia\application\Exception\ErrorHandler.php 
 Строка: 15 
 ================== 
[2020-04-14 19:55:51] 
 Текст ошибки: 
 Простанства имен <b>"application\controllers\DataController"</b> не существует среди контроллеров 
 Файл: D:\OpenServer\OSPanel\domains\forumedia\application\Exception\ErrorHandler.php 
 Строка: 15 
 ================== 
[2020-04-14 19:55:59] 
 Текст ошибки: 
 Простанства имен <b>"application\controllers\DataController"</b> не существует среди контроллеров 
 Файл: D:\OpenServer\OSPanel\domains\forumedia\application\Exception\ErrorHandler.php 
 Строка: 15 
 ================== 
[2020-04-14 19:55:59] 
 Текст ошибки: 
 Простанства имен <b>"application\controllers\DataController"</b> не существует среди контроллеров 
 Файл: D:\OpenServer\OSPanel\domains\forumedia\application\Exception\ErrorHandler.php 
 Строка: 15 
 ================== 
[2020-04-14 20:02:39] 
 Текст ошибки: 
 Простанства имен <b>"application\controllers\AwfwfController"</b> не существует среди контроллеров 
 Файл: D:\OpenServer\OSPanel\domains\forumedia\application\Exception\ErrorHandler.php 
 Строка: 15 
 ================== 
[2020-04-14 20:03:12] 
 Текст ошибки: 
 Простанства имен <b>"application\controllers\AwfwfController"</b> не существует среди контроллеров 
 Файл: D:\OpenServer\OSPanel\domains\forumedia\application\Exception\ErrorHandler.php 
 Строка: 15 
 ================== 
[2020-04-14 20:03:13] 
 Текст ошибки: 
 Простанства имен <b>"application\controllers\AwfwfController"</b> не существует среди контроллеров 
 Файл: D:\OpenServer\OSPanel\domains\forumedia\application\Exception\ErrorHandler.php 
 Строка: 15 
 ================== 
[2020-04-14 20:04:53] 
 Текст ошибки: 
 Простанства имен <b>"application\controllers\AwfwfController"</b> не существует среди контроллеров 
 Файл: D:\OpenServer\OSPanel\domains\forumedia\application\Exception\ErrorHandler.php 
 Строка: 15 
 ================== 
[2020-04-14 20:05:49] 
 Текст ошибки: 
 Простанства имен <b>"application\controllers\AwfwfController"</b> не существует среди контроллеров 
 Файл: D:\OpenServer\OSPanel\domains\forumedia\application\Exception\ErrorHandler.php 
 Строка: 15 
 ================== 
[2020-04-14 20:06:04] 
 Текст ошибки: 
 Простанства имен <b>"application\controllers\SegesController"</b> не существует среди контроллеров 
 Файл: D:\OpenServer\OSPanel\domains\forumedia\application\Exception\ErrorHandler.php 
 Строка: 15 
 ================== 
[2020-04-14 20:06:04] 
 Текст ошибки: 
 Простанства имен <b>"application\controllers\SegesController"</b> не существует среди контроллеров 
 Файл: D:\OpenServer\OSPanel\domains\forumedia\application\Exception\ErrorHandler.php 
 Строка: 15 
 ================== 
[2020-04-14 20:06:18] 
 Текст ошибки: 
 Простанства имен <b>"application\controllers\SegesController"</b> не существует среди контроллеров 
 Файл: D:\OpenServer\OSPanel\domains\forumedia\application\Exception\ErrorHandler.php 
 Строка: 15 
 ================== 
[2020-04-14 21:10:09] 
 Текст ошибки: 
 Простанства имен <b>"application\controllers\AwfwfController"</b> не существует среди контроллеров 
 Файл: D:\OpenServer\OSPanel\domains\forumedia\application\Exception\ErrorHandler.php 
 Строка: 15 
 ================== 
[2020-04-14 21:10:52] 
 Текст ошибки: 
 Простанства имен <b>"application\controllers\AwfwfController"</b> не существует среди контроллеров 
 Файл: D:\OpenServer\OSPanel\domains\forumedia\application\Exception\ErrorHandler.php 
 Строка: 15 
 ================== 
[2020-04-14 21:10:53] 
 Текст ошибки: 
 Простанства имен <b>"application\controllers\AwfwfController"</b> не существует среди контроллеров 
 Файл: D:\OpenServer\OSPanel\domains\forumedia\application\Exception\ErrorHandler.php 
 Строка: 15 
 ================== 
[2020-04-14 21:11:12] 
 Текст ошибки: 
 Простанства имен <b>"application\controllers\AwfwfController"</b> не существует среди контроллеров 
 Файл: D:\OpenServer\OSPanel\domains\forumedia\application\Exception\ErrorHandler.php 
 Строка: 15 
 ================== 
[2020-04-14 21:11:32] 
 Текст ошибки: 
 Простанства имен <b>"application\controllers\AwfwfController"</b> не существует среди контроллеров 
 Файл: D:\OpenServer\OSPanel\domains\forumedia\application\Exception\ErrorHandler.php 
 Строка: 15 
 ================== 
[2020-04-14 21:12:01] 
 Текст ошибки: 
 Простанства имен <b>"application\controllers\AwfwfController"</b> не существует среди контроллеров 
 Файл: D:\OpenServer\OSPanel\domains\forumedia\application\Exception\ErrorHandler.php 
 Строка: 15 
 ================== 
[2020-04-14 21:12:02] 
 Текст ошибки: 
 Простанства имен <b>"application\controllers\AwfwfController"</b> не существует среди контроллеров 
 Файл: D:\OpenServer\OSPanel\domains\forumedia\application\Exception\ErrorHandler.php 
 Строка: 15 
 ================== 
[2020-04-14 21:12:02] 
 Текст ошибки: 
 Простанства имен <b>"application\controllers\AwfwfController"</b> не существует среди контроллеров 
 Файл: D:\OpenServer\OSPanel\domains\forumedia\application\Exception\ErrorHandler.php 
 Строка: 15 
 ================== 
[2020-04-14 21:12:39] 
 Текст ошибки: 
 Простанства имен <b>"application\controllers\AwfwfController"</b> не существует среди контроллеров 
 Файл: D:\OpenServer\OSPanel\domains\forumedia\application\Exception\ErrorHandler.php 
 Строка: 15 
 ================== 
[2020-04-14 21:13:13] 
 Текст ошибки: 
 Простанства имен <b>"application\controllers\AwfwfController"</b> не существует среди контроллеров 
 Файл: D:\OpenServer\OSPanel\domains\forumedia\application\Exception\ErrorHandler.php 
 Строка: 15 
 ================== 
[2020-04-14 21:13:25] 
 Текст ошибки: 
 Простанства имен <b>"application\controllers\AwfwfController"</b> не существует среди контроллеров 
 Файл: D:\OpenServer\OSPanel\domains\forumedia\application\Exception\ErrorHandler.php 
 Строка: 15 
 ================== 
[2020-04-14 21:13:51] 
 Текст ошибки: 
 Простанства имен <b>"application\controllers\AwfwfController"</b> не существует среди контроллеров 
 Файл: D:\OpenServer\OSPanel\domains\forumedia\application\Exception\ErrorHandler.php 
 Строка: 15 
 ================== 
[2020-04-14 21:14:52] 
 Текст ошибки: 
 Простанства имен <b>"application\controllers\AwfwfController"</b> не существует среди контроллеров 
 Файл: D:\OpenServer\OSPanel\domains\forumedia\application\Exception\ErrorHandler.php 
 Строка: 15 
 ================== 
[2020-04-14 21:15:09] 
 Текст ошибки: 
 Простанства имен <b>"application\controllers\AwfwfController"</b> не существует среди контроллеров 
 Файл: D:\OpenServer\OSPanel\domains\forumedia\application\Exception\ErrorHandler.php 
 Строка: 15 
 ================== 
[2020-04-14 21:18:10] 
 Текст ошибки: 
 Простанства имен <b>"application\controllers\AwfwfController"</b> не существует среди контроллеров 
 Файл: D:\OpenServer\OSPanel\domains\forumedia\application\Exception\ErrorHandler.php 
 Строка: 15 
 ================== 
[2020-04-14 21:19:10] 
 Текст ошибки: 
 Простанства имен <b>"application\controllers\AwfwfController"</b> не существует среди контроллеров 
 Файл: D:\OpenServer\OSPanel\domains\forumedia\application\Exception\ErrorHandler.php 
 Строка: 15 
 ================== 
[2020-04-14 21:19:22] 
 Текст ошибки: 
 Простанства имен <b>"application\controllers\AwfwfController"</b> не существует среди контроллеров 
 Файл: D:\OpenServer\OSPanel\domains\forumedia\application\Exception\ErrorHandler.php 
 Строка: 15 
 ================== 
[2020-04-14 21:19:46] 
 Текст ошибки: 
 Простанства имен <b>"application\controllers\AwfwfController"</b> не существует среди контроллеров 
 Файл: D:\OpenServer\OSPanel\domains\forumedia\application\Exception\ErrorHandler.php 
 Строка: 15 
 ================== 
[2020-04-14 21:20:14] 
 Текст ошибки: 
 У контроллера <b>"application\controllers\IndexController"</b> нет метода <b>"tttAction"</b> 
 Файл: D:\OpenServer\OSPanel\domains\forumedia\application\Exception\ErrorHandler.php 
 Строка: 15 
 ================== 
[2020-04-14 21:20:18] 
 Текст ошибки: 
 У контроллера <b>"application\controllers\IndexController"</b> нет метода <b>"tttAction"</b> 
 Файл: D:\OpenServer\OSPanel\domains\forumedia\application\Exception\ErrorHandler.php 
 Строка: 15 
 ================== 
[2020-04-14 21:20:20] 
 Текст ошибки: 
 У контроллера <b>"application\controllers\IndexController"</b> нет метода <b>"tttAction"</b> 
 Файл: D:\OpenServer\OSPanel\domains\forumedia\application\Exception\ErrorHandler.php 
 Строка: 15 
 ================== 
[2020-04-14 21:21:12] 
 Текст ошибки: 
 Простанства имен <b>"application\controllers\AwfController"</b> не существует среди контроллеров 
 Файл: D:\OpenServer\OSPanel\domains\forumedia\application\Exception\ErrorHandler.php 
 Строка: 15 
 ================== 
[2020-04-14 21:21:17] 
 Текст ошибки: 
 Простанства имен <b>"application\controllers\AwfController"</b> не существует среди контроллеров 
 Файл: D:\OpenServer\OSPanel\domains\forumedia\application\Exception\ErrorHandler.php 
 Строка: 15 
 ================== 
[2020-04-14 21:21:56] 
 Текст ошибки: 
 Простанства имен <b>"application\controllers\AwfController"</b> не существует среди контроллеров 
 Файл: D:\OpenServer\OSPanel\domains\forumedia\application\Exception\ErrorHandler.php 
 Строка: 15 
 ================== 
[2020-04-14 21:23:44] 
 Текст ошибки: 
 Простанства имен <b>"application\controllers\AwfController"</b> не существует среди контроллеров 
 Файл: D:\OpenServer\OSPanel\domains\forumedia\application\Exception\ErrorHandler.php 
 Строка: 15 
 ================== 
[2020-04-14 21:24:00] 
 Текст ошибки: 
 Простанства имен <b>"application\controllers\AwfController"</b> не существует среди контроллеров 
 Файл: D:\OpenServer\OSPanel\domains\forumedia\application\Exception\ErrorHandler.php 
 Строка: 15 
 ================== 
[2020-04-14 21:24:27] 
 Текст ошибки: 
 Простанства имен <b>"application\controllers\AwfController"</b> не существует среди контроллеров 
 Файл: D:\OpenServer\OSPanel\domains\forumedia\application\Exception\ErrorHandler.php 
 Строка: 15 
 ================== 
[2020-04-14 21:24:28] 
 Текст ошибки: 
 Простанства имен <b>"application\controllers\AwfController"</b> не существует среди контроллеров 
 Файл: D:\OpenServer\OSPanel\domains\forumedia\application\Exception\ErrorHandler.php 
 Строка: 15 
 ================== 
[2020-04-14 21:26:05] 
 Текст ошибки: 
 У контроллера <b>"application\controllers\IndexController"</b> нет метода <b>"fesAction"</b> 
 Файл: D:\OpenServer\OSPanel\domains\forumedia\application\Exception\ErrorHandler.php 
 Строка: 15 
 ================== 
[2020-04-14 21:27:03] 
 Текст ошибки: 
 У контроллера <b>"application\controllers\IndexController"</b> нет метода <b>"fesAction"</b> 
 Файл: D:\OpenServer\OSPanel\domains\forumedia\application\Exception\ErrorHandler.php 
 Строка: 15 
 ================== 
[2020-04-14 21:27:12] 
 Текст ошибки: 
 У контроллера <b>"application\controllers\IndexController"</b> нет метода <b>"fesAction"</b> 
 Файл: D:\OpenServer\OSPanel\domains\forumedia\application\Exception\ErrorHandler.php 
 Строка: 15 
 ================== 
[2020-04-14 21:28:27] 
 Текст ошибки: 
 У контроллера <b>"application\controllers\IndexController"</b> нет метода <b>"fesAction"</b> 
 Файл: D:\OpenServer\OSPanel\domains\forumedia\application\Exception\ErrorHandler.php 
 Строка: 15 
 ================== 
[2020-04-14 21:28:52] 
 Текст ошибки: 
 У контроллера <b>"application\controllers\IndexController"</b> нет метода <b>"fesAction"</b> 
 Файл: D:\OpenServer\OSPanel\domains\forumedia\application\Exception\ErrorHandler.php 
 Строка: 15 
 ================== 
[2020-04-14 21:29:01] 
 Текст ошибки: 
 У контроллера <b>"application\controllers\IndexController"</b> нет метода <b>"fesAction"</b> 
 Файл: D:\OpenServer\OSPanel\domains\forumedia\application\Exception\ErrorHandler.php 
 Строка: 15 
 ================== 
[2020-04-14 21:29:10] 
 Текст ошибки: 
 Простанства имен <b>"application\controllers\CszController"</b> не существует среди контроллеров 
 Файл: D:\OpenServer\OSPanel\domains\forumedia\application\Exception\ErrorHandler.php 
 Строка: 15 
 ================== 
[2020-04-14 21:30:27] 
 Текст ошибки: 
 Простанства имен <b>"application\controllers\CszController"</b> не существует среди контроллеров 
 Файл: D:\OpenServer\OSPanel\domains\forumedia\application\Exception\ErrorHandler.php 
 Строка: 15 
 ================== 
[2020-04-14 21:33:23] 
 Текст ошибки: 
 Простанства имен <b>"application\controllers\Favicon.icoController"</b> не существует среди контроллеров 
 Файл: D:\OpenServer\OSPanel\domains\miniMVC\application\Exception\ErrorHandler.php 
 Строка: 15 
 ================== 
[2020-04-14 21:34:18] 
 Текст ошибки: 
 У контроллера <b>"application\controllers\IndexController"</b> нет метода <b>"aaaAction"</b> 
 Файл: D:\OpenServer\OSPanel\domains\miniMVC\application\Exception\ErrorHandler.php 
 Строка: 15 
 ================== 
[2020-04-14 21:34:32] 
 Текст ошибки: 
 У контроллера <b>"application\controllers\IndexController"</b> нет метода <b>"sdgerAction"</b> 
 Файл: D:\OpenServer\OSPanel\domains\miniMVC\application\Exception\ErrorHandler.php 
 Строка: 15 
 ================== 
[2020-04-14 21:34:34] 
 Текст ошибки: 
 Простанства имен <b>"application\controllers\AwafController"</b> не существует среди контроллеров 
 Файл: D:\OpenServer\OSPanel\domains\miniMVC\application\Exception\ErrorHandler.php 
 Строка: 15 
 ================== 
[2020-04-14 21:34:36] 
 Текст ошибки: 
 Простанства имен <b>"application\controllers\AwafController"</b> не существует среди контроллеров 
 Файл: D:\OpenServer\OSPanel\domains\miniMVC\application\Exception\ErrorHandler.php 
 Строка: 15 
 ================== 
[2020-04-14 21:34:50] 
 Текст ошибки: 
 Простанства имен <b>"application\controllers\AwafController"</b> не существует среди контроллеров 
 Файл: D:\OpenServer\OSPanel\domains\miniMVC\application\Exception\ErrorHandler.php 
 Строка: 15 
 ================== 
[2020-04-14 21:34:55] 
 Текст ошибки: 
 Простанства имен <b>"application\controllers\AwafController"</b> не существует среди контроллеров 
 Файл: D:\OpenServer\OSPanel\domains\miniMVC\application\Exception\ErrorHandler.php 
 Строка: 15 
 ================== 
[2020-04-14 21:35:39] 
 Текст ошибки: 
 Простанства имен <b>"application\controllers\AaController"</b> не существует среди контроллеров 
 Файл: D:\OpenServer\OSPanel\domains\miniMVC\application\Exception\ErrorHandler.php 
 Строка: 13 
 ================== 
[2020-04-14 21:35:53] 
 Текст ошибки: 
 Простанства имен <b>"application\controllers\WfwController"</b> не существует среди контроллеров 
 Файл: D:\OpenServer\OSPanel\domains\miniMVC\application\Exception\ErrorHandler.php 
 Строка: 13 
 ================== 
[2020-04-14 21:36:02] 
 Текст ошибки: 
 Простанства имен <b>"application\controllers\Index+Controller"</b> не существует среди контроллеров 
 Файл: D:\OpenServer\OSPanel\domains\miniMVC\application\Exception\ErrorHandler.php 
 Строка: 13 
 ================== 
[2020-04-14 21:36:05] 
 Текст ошибки: 
 У контроллера <b>"application\controllers\IndexController"</b> нет метода <b>"wagwgAction"</b> 
 Файл: D:\OpenServer\OSPanel\domains\miniMVC\application\Exception\ErrorHandler.php 
 Строка: 13 
 ================== 
